<?xml version="1.0" encoding="UTF-8"?>
<!-- Generated by org.testng.reporters.JUnitXMLReporter -->
<testsuite hostname="SangitaranisAir" ignored="0" name="Default test" tests="4" failures="0" timestamp="09 Jan 2019 21:59:37 GMT" time="0.077" errors="0">
  <testcase name="printBlueTesla" time="0.023" classname="assignmentApple.Assignment1"/>
  <testcase name="printDiscountedCar" time="0.004" classname="assignmentApple.Assignment1"/>
  <testcase name="printHighestRevenueCar" time="0.002" classname="assignmentApple.Assignment1"/>
  <testcase name="printLowestRateCar" time="0.003" classname="assignmentApple.Assignment1"/>
</testsuite> <!-- Default test -->
