<?xml version="1.0" encoding="UTF-8"?>
<testng-results skipped="0" failed="0" ignored="0" total="4" passed="4">
  <reporter-output>
  </reporter-output>
  <suite name="Default suite" duration-ms="77" started-at="2019-01-09T21:59:37Z" finished-at="2019-01-09T21:59:37Z">
    <groups>
    </groups>
    <test name="Default test" duration-ms="77" started-at="2019-01-09T21:59:37Z" finished-at="2019-01-09T21:59:37Z">
      <class name="assignmentApple.Assignment1">
        <test-method status="PASS" signature="printBlueTesla()[pri:0, instance:assignmentApple.Assignment1@58651fd0]" name="printBlueTesla" duration-ms="23" started-at="2019-01-09T13:59:37Z" finished-at="2019-01-09T13:59:37Z">
          <reporter-output>
          </reporter-output>
        </test-method> <!-- printBlueTesla -->
        <test-method status="PASS" signature="printDiscountedCar()[pri:0, instance:assignmentApple.Assignment1@58651fd0]" name="printDiscountedCar" duration-ms="4" started-at="2019-01-09T13:59:37Z" finished-at="2019-01-09T13:59:37Z">
          <reporter-output>
          </reporter-output>
        </test-method> <!-- printDiscountedCar -->
        <test-method status="PASS" signature="printHighestRevenueCar()[pri:0, instance:assignmentApple.Assignment1@58651fd0]" name="printHighestRevenueCar" duration-ms="2" started-at="2019-01-09T13:59:37Z" finished-at="2019-01-09T13:59:37Z">
          <reporter-output>
          </reporter-output>
        </test-method> <!-- printHighestRevenueCar -->
        <test-method status="PASS" signature="printLowestRateCar()[pri:0, instance:assignmentApple.Assignment1@58651fd0]" name="printLowestRateCar" duration-ms="3" started-at="2019-01-09T13:59:37Z" finished-at="2019-01-09T13:59:37Z">
          <reporter-output>
          </reporter-output>
        </test-method> <!-- printLowestRateCar -->
      </class> <!-- assignmentApple.Assignment1 -->
    </test> <!-- Default test -->
  </suite> <!-- Default suite -->
</testng-results>
